Microsoft HTML Help Compiler 4.74.8702

Compiling c:\Users\Shiv\DOCUME~1\GitHub\REVER-~1\_tmphhp\riftcast.chm

welcome.html
versionlistings.html
controls.html
prexp.html
XPandNewer.html
changelog.html
knownissues.html
training.html
cleaning.html
adventures.html
Credits.html
Contact.html
riftcast.hhc
riftcast.hhk
welcomeb1.PNG
controlsb1.PNG

Compile time: 0 minutes, 1 second
14	Topics
83	Local links
0	Internet links
2	Graphics


Created c:\Users\Shiv\DOCUME~1\GitHub\REVER-~1\_tmphhp\riftcast.chm, 50,449 bytes
Compression decreased file by 52,318 bytes.
